app/build/outputs/logs/manifest-merger-debug-report.txt
-- Merging decision tree log ---
manifest
ADDED from src/main/AndroidManifest.xml:2:1-104:12
	package
		ADDED from src/main/AndroidManifest.xml:3:5-36
		INJECTED from src/main/AndroidManifest.xml
		INJECTED from src/main/AndroidManifest.xml
	android:versionName
		ADDED from src/main/AndroidManifest.xml:5:5-30
		INJECTED from src/main/AndroidManifest.xml
		INJECTED from src/main/AndroidManifest.xml
	android:versionCode
		ADDED from src/main/AndroidManifest.xml:4:5-28
		INJECTED from src/main/AndroidManifest.xml
		INJECTED from src/main/AndroidManifest.xml
	xmlns:android
		ADDED from src/main/AndroidManifest.xml:2:11-69
uses-permission#android.permission.ACCESS_WIFI_STATE
ADDED from src/main/AndroidManifest.xml:8:5-75
	android:name
		ADDED from src/main/AndroidManifest.xml:8:22-73
uses-permission#android.permission.ACCESS_NETWORK_STATE
ADDED from src/main/AndroidManifest.xml:9:5-78
MERGED from [fm.jiecao:jiecaovideoplayer:5.2.1] AndroidManifest.xml:13:5-79
MERGED from [com.onesignal:OneSignal:3.4.2] AndroidManifest.xml:22:5-79
MERGED from [com.google.android.gms:play-services-ads-lite:10.2.0] AndroidManifest.xml:20:5-78
MERGED from [com.google.android.gms:play-services-maps:10.2.0] AndroidManifest.xml:19:5-78
	android:name
		ADDED from src/main/AndroidManifest.xml:9:22-76
uses-permission#android.permission.INTERNET
ADDED from src/main/AndroidManifest.xml:10:5-66
MERGED from [com.github.mark-dlc:RadioPlayerService:4b5f7e6269] AndroidManifest.xml:11:5-67
MERGED from [com.onesignal:OneSignal:3.4.2] AndroidManifest.xml:14:5-67
MERGED from [com.google.android.gms:play-services-gcm:10.2.0] AndroidManifest.xml:21:5-66
MERGED from [com.google.android.gms:play-services-iid:10.2.0] AndroidManifest.xml:21:5-66
MERGED from [com.google.android.gms:play-services-ads-lite:10.2.0] AndroidManifest.xml:19:5-66
MERGED from [com.google.android.gms:play-services-maps:10.2.0] AndroidManifest.xml:20:5-66
	android:name
		ADDED from src/main/AndroidManifest.xml:10:22-64
uses-permission#android.permission.WRITE_EXTERNAL_STORAGE
ADDED from src/main/AndroidManifest.xml:12:5-80
	android:name
		ADDED from src/main/AndroidManifest.xml:12:22-78
uses-permission#android.permission.READ_EXTERNAL_STORAGE
ADDED from src/main/AndroidManifest.xml:13:5-80
	android:name
		ADDED from src/main/AndroidManifest.xml:13:22-77
uses-permission#android.permission.WAKE_LOCK
ADDED from src/main/AndroidManifest.xml:16:5-67
MERGED from [com.github.mark-dlc:RadioPlayerService:4b5f7e6269] AndroidManifest.xml:13:5-68
MERGED from [com.onesignal:OneSignal:3.4.2] AndroidManifest.xml:16:5-68
	android:name
		ADDED from src/main/AndroidManifest.xml:16:22-65
uses-permission#com.google.android.providers.gsf.permission.READ_GSERVICES
ADDED from src/main/AndroidManifest.xml:18:5-97
	android:name
		ADDED from src/main/AndroidManifest.xml:18:22-95
uses-permission#android.permission.ACCESS_FINE_LOCATION
ADDED from src/main/AndroidManifest.xml:19:5-78
	android:name
		ADDED from src/main/AndroidManifest.xml:19:22-76
uses-permission#android.permission.RECORD_AUDIO
ADDED from src/main/AndroidManifest.xml:21:5-70
	android:name
		ADDED from src/main/AndroidManifest.xml:21:22-68
uses-permission#android.permission.MODIFY_AUDIO_SETTINGS
ADDED from src/main/AndroidManifest.xml:22:5-79
	android:name
		ADDED from src/main/AndroidManifest.xml:22:22-77
uses-permission#android.permission.READ_PHONE_STATE
ADDED from src/main/AndroidManifest.xml:23:5-74
MERGED from [com.github.mark-dlc:RadioPlayerService:4b5f7e6269] AndroidManifest.xml:12:5-75
	android:name
		ADDED from src/main/AndroidManifest.xml:23:22-72
uses-permission#android.permission.SET_WALLPAPER
ADDED from src/main/AndroidManifest.xml:25:5-71
	android:name
		ADDED from src/main/AndroidManifest.xml:25:22-69
uses-permission#com.android.vending.BILLING
ADDED from src/main/AndroidManifest.xml:27:5-67
	android:name
		ADDED from src/main/AndroidManifest.xml:27:22-64
uses-feature#0x00020000
ADDED from src/main/AndroidManifest.xml:29:5-31:34
MERGED from [com.google.android.gms:play-services-maps:10.2.0] AndroidManifest.xml:21:5-77
	android:glEsVersion
		ADDED from src/main/AndroidManifest.xml:30:9-41
	android:required
		ADDED from src/main/AndroidManifest.xml:31:9-32
application
ADDED from src/main/AndroidManifest.xml:33:5-102:19
MERGED from [fm.jiecao:jiecaovideoplayer:5.2.1] AndroidManifest.xml:15:5-17:38
MERGED from [com.github.mark-dlc:RadioPlayerService:4b5f7e6269] AndroidManifest.xml:15:5-39:19
MERGED from [com.onesignal:OneSignal:3.4.2] AndroidManifest.xml:40:5-79:19
MERGED from [com.android.support:design:25.2.0] AndroidManifest.xml:25:5-20
MERGED from [com.android.support:appcompat-v7:25.2.0] AndroidManifest.xml:25:5-20
MERGED from [com.android.support:animated-vector-drawable:25.2.0] AndroidManifest.xml:22:5-20
MERGED from [com.android.support:support-vector-drawable:25.2.0] AndroidManifest.xml:23:5-20
MERGED from [com.android.support:transition:25.2.0] AndroidManifest.xml:22:5-20
MERGED from [com.android.support:cardview-v7:25.2.0] AndroidManifest.xml:22:5-20
MERGED from [com.google.android.gms:play-services-gcm:10.2.0] AndroidManifest.xml:23:5-19
MERGED from [com.google.android.gms:play-services-iid:10.2.0] AndroidManifest.xml:23:5-19
MERGED from [com.google.android.gms:play-services-ads-lite:10.2.0] AndroidManifest.xml:23:5-27:19
MERGED from [com.google.android.gms:play-services-clearcut:10.2.0] AndroidManifest.xml:18:5-19
MERGED from [com.google.android.gms:play-services-gass:10.2.0] AndroidManifest.xml:4:5-19
MERGED from [com.google.android.gms:play-services-maps:10.2.0] AndroidManifest.xml:24:5-19
MERGED from [com.google.android.gms:play-services-base:10.2.0] AndroidManifest.xml:18:5-20:19
MERGED from [com.google.android.gms:play-services-tasks:10.2.0] AndroidManifest.xml:4:5-19
MERGED from [com.google.android.gms:play-services-basement:10.2.0] AndroidManifest.xml:19:5-21:19
MERGED from [com.android.support:support-v4:25.2.0] AndroidManifest.xml:25:5-20
MERGED from [com.android.support:support-fragment:25.2.0] AndroidManifest.xml:25:5-20
MERGED from [com.android.support:support-media-compat:25.2.0] AndroidManifest.xml:25:5-20
MERGED from [com.android.support:support-core-ui:25.2.0] AndroidManifest.xml:25:5-20
MERGED from [com.android.support:support-core-utils:25.2.0] AndroidManifest.xml:25:5-20
MERGED from [com.android.support:support-compat:25.2.0] AndroidManifest.xml:25:5-20
	android:label
		ADDED from src/main/AndroidManifest.xml:36:9-41
	android:supportsRtl
		ADDED from [fm.jiecao:jiecaovideoplayer:5.2.1] AndroidManifest.xml:17:9-35
	android:allowBackup
		ADDED from src/main/AndroidManifest.xml:38:9-35
	android:icon
		ADDED from src/main/AndroidManifest.xml:34:9-45
	android:theme
		ADDED from src/main/AndroidManifest.xml:35:9-40
	android:name
		ADDED from src/main/AndroidManifest.xml:37:9-49
activity#com.sherdle.universal.MainActivity
ADDED from src/main/AndroidManifest.xml:41:9-50:20
	android:label
		ADDED from src/main/AndroidManifest.xml:45:13-45
	android:configChanges
		ADDED from src/main/AndroidManifest.xml:44:13-59
	android:theme
		ADDED from src/main/AndroidManifest.xml:43:13-47
	android:name
		ADDED from src/main/AndroidManifest.xml:42:13-62
intent-filter#android.intent.action.MAIN+android.intent.category.LAUNCHER
ADDED from src/main/AndroidManifest.xml:46:13-49:29
action#android.intent.action.MAIN
ADDED from src/main/AndroidManifest.xml:47:17-69
	android:name
		ADDED from src/main/AndroidManifest.xml:47:25-66
category#android.intent.category.LAUNCHER
ADDED from src/main/AndroidManifest.xml:48:17-77
	android:name
		ADDED from src/main/AndroidManifest.xml:48:27-74
activity#com.sherdle.universal.providers.yt.player.YouTubePlayerActivity
ADDED from src/main/AndroidManifest.xml:51:9-54:79
	android:screenOrientation
		ADDED from src/main/AndroidManifest.xml:53:13-47
	android:configChanges
		ADDED from src/main/AndroidManifest.xml:52:13-74
	android:theme
		ADDED from src/main/AndroidManifest.xml:54:13-77
	android:name
		ADDED from src/main/AndroidManifest.xml:51:19-76
activity#com.sherdle.universal.providers.rss.ui.RssDetailActivity
ADDED from src/main/AndroidManifest.xml:55:9-72
	android:name
		ADDED from src/main/AndroidManifest.xml:55:19-69
activity#com.sherdle.universal.providers.yt.ui.YoutubeDetailActivity
ADDED from src/main/AndroidManifest.xml:56:9-75
	android:name
		ADDED from src/main/AndroidManifest.xml:56:19-72
activity#com.sherdle.universal.providers.wordpress.ui.WordpressDetailActivity
ADDED from src/main/AndroidManifest.xml:57:9-84
	android:name
		ADDED from src/main/AndroidManifest.xml:57:19-81
activity#com.sherdle.universal.comments.CommentsActivity
ADDED from src/main/AndroidManifest.xml:58:9-59:61
	android:configChanges
		ADDED from src/main/AndroidManifest.xml:59:13-59
	android:name
		ADDED from src/main/AndroidManifest.xml:58:19-60
activity#com.sherdle.universal.util.MediaActivity
ADDED from src/main/AndroidManifest.xml:60:9-61:61
	android:configChanges
		ADDED from src/main/AndroidManifest.xml:61:13-59
	android:name
		ADDED from src/main/AndroidManifest.xml:60:19-53
activity#com.sherdle.universal.HolderActivity
ADDED from src/main/AndroidManifest.xml:62:9-63:61
	android:configChanges
		ADDED from src/main/AndroidManifest.xml:63:13-59
	android:name
		ADDED from src/main/AndroidManifest.xml:62:19-49
activity#com.sherdle.universal.providers.tumblr.ui.TumblrPagerActivity
ADDED from src/main/AndroidManifest.xml:64:9-65:70
	android:theme
		ADDED from src/main/AndroidManifest.xml:65:13-66
	android:name
		ADDED from src/main/AndroidManifest.xml:64:19-74
activity#com.sherdle.universal.providers.fav.FavRed
ADDED from src/main/AndroidManifest.xml:66:9-68:51
	android:screenOrientation
		ADDED from src/main/AndroidManifest.xml:68:13-49
	android:noHistory
		ADDED from src/main/AndroidManifest.xml:67:13-37
	android:name
		ADDED from src/main/AndroidManifest.xml:66:19-55
activity#com.google.android.gms.ads.AdActivity
ADDED from src/main/AndroidManifest.xml:69:9-71:64
MERGED from [com.google.android.gms:play-services-ads-lite:10.2.0] AndroidManifest.xml:25:9-232
	android:configChanges
		ADDED from src/main/AndroidManifest.xml:70:13-122
	android:theme
		ADDED from src/main/AndroidManifest.xml:71:13-61
	android:name
		ADDED from src/main/AndroidManifest.xml:69:19-71
service#com.sherdle.universal.providers.soundcloud.player.player.PlaybackService
ADDED from src/main/AndroidManifest.xml:74:9-76:40
	android:exported
		ADDED from src/main/AndroidManifest.xml:76:13-37
	android:name
		ADDED from src/main/AndroidManifest.xml:75:13-79
receiver#com.sherdle.universal.providers.soundcloud.player.player.PlayerReceiver
ADDED from src/main/AndroidManifest.xml:79:9-83:20
	android:name
		ADDED from src/main/AndroidManifest.xml:79:19-84
intent-filter#android.media.AUDIO_BECOMING_NOISY
ADDED from src/main/AndroidManifest.xml:80:13-82:29
action#android.media.AUDIO_BECOMING_NOISY
ADDED from src/main/AndroidManifest.xml:81:17-77
	android:name
		ADDED from src/main/AndroidManifest.xml:81:25-74
receiver#com.sherdle.universal.providers.soundcloud.player.media.MediaSessionReceiver
ADDED from src/main/AndroidManifest.xml:85:9-89:20
	android:name
		ADDED from src/main/AndroidManifest.xml:85:19-89
intent-filter#android.intent.action.MEDIA_BUTTON
ADDED from src/main/AndroidManifest.xml:86:13-88:29
action#android.intent.action.MEDIA_BUTTON
ADDED from src/main/AndroidManifest.xml:87:17-77
	android:name
		ADDED from src/main/AndroidManifest.xml:87:25-74
meta-data#com.onesignal.NotificationOpened.DEFAULT
ADDED from src/main/AndroidManifest.xml:92:9-94:39
	android:value
		ADDED from src/main/AndroidManifest.xml:94:13-36
	android:name
		ADDED from src/main/AndroidManifest.xml:93:13-68
meta-data#com.google.android.gms.version
ADDED from src/main/AndroidManifest.xml:95:9-97:69
MERGED from [com.google.android.gms:play-services-basement:10.2.0] AndroidManifest.xml:20:9-121
	android:value
		ADDED from src/main/AndroidManifest.xml:97:13-66
	android:name
		ADDED from src/main/AndroidManifest.xml:96:13-58
meta-data#com.google.android.maps.v2.API_KEY
ADDED from src/main/AndroidManifest.xml:98:9-100:57
	android:value
		ADDED from src/main/AndroidManifest.xml:100:13-55
	android:name
		ADDED from src/main/AndroidManifest.xml:99:13-62
uses-sdk
INJECTED from src/main/AndroidManifest.xml reason: use-sdk injection requested
MERGED from [fm.jiecao:jiecaovideoplayer:5.2.1] AndroidManifest.xml:8:5-11:104
MERGED from [com.google.android.exoplayer:exoplayer:r2.0.4] AndroidManifest.xml:21:5-23:41
MERGED from [com.github.mark-dlc:RadioPlayerService:4b5f7e6269] AndroidManifest.xml:7:5-9:41
MERGED from [com.onesignal:OneSignal:3.4.2] AndroidManifest.xml:4:5-43
MERGED from [com.booking:rtlviewpager:1.0.1] AndroidManifest.xml:8:5-10:41
MERGED from [com.android.support:design:25.2.0] AndroidManifest.xml:21:5-23:62
MERGED from [com.android.support:appcompat-v7:25.2.0] AndroidManifest.xml:21:5-23:78
MERGED from [com.android.support:animated-vector-drawable:25.2.0] AndroidManifest.xml:20:5-44
MERGED from [com.android.support:support-vector-drawable:25.2.0] AndroidManifest.xml:21:5-43
MERGED from [com.android.support:recyclerview-v7:25.2.0] AndroidManifest.xml:20:5-43
MERGED from [com.android.support:transition:25.2.0] AndroidManifest.xml:20:5-44
MERGED from [com.android.support:cardview-v7:25.2.0] AndroidManifest.xml:20:5-43
MERGED from [com.google.android.gms:play-services-gcm:10.2.0] AndroidManifest.xml:17:5-43
MERGED from [com.google.android.gms:play-services-iid:10.2.0] AndroidManifest.xml:17:5-43
MERGED from [com.google.android.gms:play-services-ads:10.2.0] AndroidManifest.xml:17:5-43
MERGED from [com.google.android.gms:play-services-ads-lite:10.2.0] AndroidManifest.xml:22:5-43
MERGED from [com.google.android.gms:play-services-clearcut:10.2.0] AndroidManifest.xml:17:5-43
MERGED from [com.google.android.gms:play-services-gass:10.2.0] AndroidManifest.xml:3:5-43
MERGED from [com.google.android.gms:play-services-maps:10.2.0] AndroidManifest.xml:23:5-43
MERGED from [com.google.android.gms:play-services-base:10.2.0] AndroidManifest.xml:17:5-43
MERGED from [com.google.android.gms:play-services-tasks:10.2.0] AndroidManifest.xml:3:5-43
MERGED from [com.google.android.gms:play-services-basement:10.2.0] AndroidManifest.xml:17:5-43
MERGED from [com.android.support:support-v4:25.2.0] AndroidManifest.xml:21:5-23:54
MERGED from [com.android.support:support-fragment:25.2.0] AndroidManifest.xml:21:5-23:60
MERGED from [com.android.support:support-media-compat:25.2.0] AndroidManifest.xml:21:5-23:63
MERGED from [com.android.support:support-core-ui:25.2.0] AndroidManifest.xml:21:5-23:58
MERGED from [com.android.support:support-core-utils:25.2.0] AndroidManifest.xml:21:5-23:61
MERGED from [com.android.support:support-compat:25.2.0] AndroidManifest.xml:21:5-23:58
	tools:overrideLibrary
		ADDED from [fm.jiecao:jiecaovideoplayer:5.2.1] AndroidManifest.xml:11:9-101
	android:targetSdkVersion
		INJECTED from src/main/AndroidManifest.xml
		INJECTED from src/main/AndroidManifest.xml
	android:minSdkVersion
		INJECTED from src/main/AndroidManifest.xml
		INJECTED from src/main/AndroidManifest.xml
service#co.mobiwise.library.media.MediaPlayerService
ADDED from [com.github.mark-dlc:RadioPlayerService:4b5f7e6269] AndroidManifest.xml:18:9-24:19
	android:name
		ADDED from [com.github.mark-dlc:RadioPlayerService:4b5f7e6269] AndroidManifest.xml:18:18-77
intent-filter#co.mobiwise.library.notification.media.INTENT_CANCEL+co.mobiwise.library.notification.media.INTENT_OPENPLAYER+co.mobiwise.library.notification.media.INTENT_PLAYPAUSE
ADDED from [com.github.mark-dlc:RadioPlayerService:4b5f7e6269] AndroidManifest.xml:19:13-23:29
action#co.mobiwise.library.notification.media.INTENT_PLAYPAUSE
ADDED from [com.github.mark-dlc:RadioPlayerService:4b5f7e6269] AndroidManifest.xml:20:17-98
	android:name
		ADDED from [com.github.mark-dlc:RadioPlayerService:4b5f7e6269] AndroidManifest.xml:20:25-95
action#co.mobiwise.library.notification.media.INTENT_OPENPLAYER
ADDED from [com.github.mark-dlc:RadioPlayerService:4b5f7e6269] AndroidManifest.xml:21:17-99
	android:name
		ADDED from [com.github.mark-dlc:RadioPlayerService:4b5f7e6269] AndroidManifest.xml:21:25-96
action#co.mobiwise.library.notification.media.INTENT_CANCEL
ADDED from [com.github.mark-dlc:RadioPlayerService:4b5f7e6269] AndroidManifest.xml:22:17-95
	android:name
		ADDED from [com.github.mark-dlc:RadioPlayerService:4b5f7e6269] AndroidManifest.xml:22:25-92
service#co.mobiwise.library.radio.RadioPlayerService
ADDED from [com.github.mark-dlc:RadioPlayerService:4b5f7e6269] AndroidManifest.xml:25:9-31:19
	android:name
		ADDED from [com.github.mark-dlc:RadioPlayerService:4b5f7e6269] AndroidManifest.xml:25:18-77
intent-filter#co.mobiwise.library.notification.radio.INTENT_CANCEL+co.mobiwise.library.notification.radio.INTENT_OPENPLAYER+co.mobiwise.library.notification.radio.INTENT_PLAYPAUSE
ADDED from [com.github.mark-dlc:RadioPlayerService:4b5f7e6269] AndroidManifest.xml:26:13-30:29
action#co.mobiwise.library.notification.radio.INTENT_PLAYPAUSE
ADDED from [com.github.mark-dlc:RadioPlayerService:4b5f7e6269] AndroidManifest.xml:27:17-98
	android:name
		ADDED from [com.github.mark-dlc:RadioPlayerService:4b5f7e6269] AndroidManifest.xml:27:25-95
action#co.mobiwise.library.notification.radio.INTENT_OPENPLAYER
ADDED from [com.github.mark-dlc:RadioPlayerService:4b5f7e6269] AndroidManifest.xml:28:17-99
	android:name
		ADDED from [com.github.mark-dlc:RadioPlayerService:4b5f7e6269] AndroidManifest.xml:28:25-96
action#co.mobiwise.library.notification.radio.INTENT_CANCEL
ADDED from [com.github.mark-dlc:RadioPlayerService:4b5f7e6269] AndroidManifest.xml:29:17-95
	android:name
		ADDED from [com.github.mark-dlc:RadioPlayerService:4b5f7e6269] AndroidManifest.xml:29:25-92
receiver#co.mobiwise.library.broadcast.PlayerControllerBroadcast
ADDED from [com.github.mark-dlc:RadioPlayerService:4b5f7e6269] AndroidManifest.xml:33:9-38:20
	android:name
		ADDED from [com.github.mark-dlc:RadioPlayerService:4b5f7e6269] AndroidManifest.xml:33:19-89
intent-filter#co.mobiwise.library.ACTION_STOP_MEDIAPLAYER+co.mobiwise.library.ACTION_STOP_RADIOPLAYER
ADDED from [com.github.mark-dlc:RadioPlayerService:4b5f7e6269] AndroidManifest.xml:34:13-37:29
action#co.mobiwise.library.ACTION_STOP_RADIOPLAYER
ADDED from [com.github.mark-dlc:RadioPlayerService:4b5f7e6269] AndroidManifest.xml:35:17-86
	android:name
		ADDED from [com.github.mark-dlc:RadioPlayerService:4b5f7e6269] AndroidManifest.xml:35:25-83
action#co.mobiwise.library.ACTION_STOP_MEDIAPLAYER
ADDED from [com.github.mark-dlc:RadioPlayerService:4b5f7e6269] AndroidManifest.xml:36:17-86
	android:name
		ADDED from [com.github.mark-dlc:RadioPlayerService:4b5f7e6269] AndroidManifest.xml:36:25-83
permission#${applicationId}.permission.C2D_MESSAGE
ADDED from [com.onesignal:OneSignal:3.4.2] AndroidManifest.xml:7:5-9:47
	android:protectionLevel
		ADDED from [com.onesignal:OneSignal:3.4.2] AndroidManifest.xml:9:9-44
	android:name
		ADDED from [com.onesignal:OneSignal:3.4.2] AndroidManifest.xml:8:9-63
uses-permission#${applicationId}.permission.C2D_MESSAGE
ADDED from [com.onesignal:OneSignal:3.4.2] AndroidManifest.xml:11:5-79
	android:name
		ADDED from [com.onesignal:OneSignal:3.4.2] AndroidManifest.xml:11:22-76
uses-permission#com.google.android.c2dm.permission.RECEIVE
ADDED from [com.onesignal:OneSignal:3.4.2] AndroidManifest.xml:15:5-82
MERGED from [com.google.android.gms:play-services-gcm:10.2.0] AndroidManifest.xml:20:5-81
MERGED from [com.google.android.gms:play-services-iid:10.2.0] AndroidManifest.xml:20:5-81
	android:name
		ADDED from [com.onesignal:OneSignal:3.4.2] AndroidManifest.xml:15:22-79
uses-permission#android.permission.VIBRATE
ADDED from [com.onesignal:OneSignal:3.4.2] AndroidManifest.xml:21:5-66
	android:name
		ADDED from [com.onesignal:OneSignal:3.4.2] AndroidManifest.xml:21:22-63
uses-permission#android.permission.RECEIVE_BOOT_COMPLETED
ADDED from [com.onesignal:OneSignal:3.4.2] AndroidManifest.xml:23:5-81
	android:name
		ADDED from [com.onesignal:OneSignal:3.4.2] AndroidManifest.xml:23:22-78
uses-permission#com.sec.android.provider.badge.permission.READ
ADDED from [com.onesignal:OneSignal:3.4.2] AndroidManifest.xml:25:5-86
	android:name
		ADDED from [com.onesignal:OneSignal:3.4.2] AndroidManifest.xml:25:22-83
uses-permission#com.sec.android.provider.badge.permission.WRITE
ADDED from [com.onesignal:OneSignal:3.4.2] AndroidManifest.xml:26:5-87
	android:name
		ADDED from [com.onesignal:OneSignal:3.4.2] AndroidManifest.xml:26:22-84
uses-permission#com.htc.launcher.permission.READ_SETTINGS
ADDED from [com.onesignal:OneSignal:3.4.2] AndroidManifest.xml:27:5-81
	android:name
		ADDED from [com.onesignal:OneSignal:3.4.2] AndroidManifest.xml:27:22-78
uses-permission#com.htc.launcher.permission.UPDATE_SHORTCUT
ADDED from [com.onesignal:OneSignal:3.4.2] AndroidManifest.xml:28:5-83
	android:name
		ADDED from [com.onesignal:OneSignal:3.4.2] AndroidManifest.xml:28:22-80
uses-permission#com.sonyericsson.home.permission.BROADCAST_BADGE
ADDED from [com.onesignal:OneSignal:3.4.2] AndroidManifest.xml:29:5-88
	android:name
		ADDED from [com.onesignal:OneSignal:3.4.2] AndroidManifest.xml:29:22-85
uses-permission#com.sonymobile.home.permission.PROVIDER_INSERT_BADGE
ADDED from [com.onesignal:OneSignal:3.4.2] AndroidManifest.xml:30:5-92
	android:name
		ADDED from [com.onesignal:OneSignal:3.4.2] AndroidManifest.xml:30:22-89
uses-permission#com.anddoes.launcher.permission.UPDATE_COUNT
ADDED from [com.onesignal:OneSignal:3.4.2] AndroidManifest.xml:31:5-84
	android:name
		ADDED from [com.onesignal:OneSignal:3.4.2] AndroidManifest.xml:31:22-81
uses-permission#com.majeur.launcher.permission.UPDATE_BADGE
ADDED from [com.onesignal:OneSignal:3.4.2] AndroidManifest.xml:32:5-83
	android:name
		ADDED from [com.onesignal:OneSignal:3.4.2] AndroidManifest.xml:32:22-80
uses-permission#com.huawei.android.launcher.permission.CHANGE_BADGE
ADDED from [com.onesignal:OneSignal:3.4.2] AndroidManifest.xml:33:5-91
	android:name
		ADDED from [com.onesignal:OneSignal:3.4.2] AndroidManifest.xml:33:22-88
uses-permission#com.huawei.android.launcher.permission.READ_SETTINGS
ADDED from [com.onesignal:OneSignal:3.4.2] AndroidManifest.xml:34:5-92
	android:name
		ADDED from [com.onesignal:OneSignal:3.4.2] AndroidManifest.xml:34:22-89
uses-permission#com.huawei.android.launcher.permission.WRITE_SETTINGS
ADDED from [com.onesignal:OneSignal:3.4.2] AndroidManifest.xml:35:5-93
	android:name
		ADDED from [com.onesignal:OneSignal:3.4.2] AndroidManifest.xml:35:22-90
uses-permission#android.permission.READ_APP_BADGE
ADDED from [com.onesignal:OneSignal:3.4.2] AndroidManifest.xml:36:5-73
	android:name
		ADDED from [com.onesignal:OneSignal:3.4.2] AndroidManifest.xml:36:22-70
uses-permission#com.oppo.launcher.permission.READ_SETTINGS
ADDED from [com.onesignal:OneSignal:3.4.2] AndroidManifest.xml:37:5-82
	android:name
		ADDED from [com.onesignal:OneSignal:3.4.2] AndroidManifest.xml:37:22-79
uses-permission#com.oppo.launcher.permission.WRITE_SETTINGS
ADDED from [com.onesignal:OneSignal:3.4.2] AndroidManifest.xml:38:5-83
	android:name
		ADDED from [com.onesignal:OneSignal:3.4.2] AndroidManifest.xml:38:22-80
meta-data#onesignal_app_id
ADDED from [com.onesignal:OneSignal:3.4.2] AndroidManifest.xml:41:9-43:51
	android:value
		ADDED from [com.onesignal:OneSignal:3.4.2] AndroidManifest.xml:43:13-48
	android:name
		ADDED from [com.onesignal:OneSignal:3.4.2] AndroidManifest.xml:42:13-44
meta-data#onesignal_google_project_number
ADDED from [com.onesignal:OneSignal:3.4.2] AndroidManifest.xml:44:9-46:70
	android:value
		ADDED from [com.onesignal:OneSignal:3.4.2] AndroidManifest.xml:46:13-67
	android:name
		ADDED from [com.onesignal:OneSignal:3.4.2] AndroidManifest.xml:45:13-59
receiver#com.onesignal.GcmBroadcastReceiver
ADDED from [com.onesignal:OneSignal:3.4.2] AndroidManifest.xml:48:9-56:20
	android:permission
		ADDED from [com.onesignal:OneSignal:3.4.2] AndroidManifest.xml:50:13-73
	android:name
		ADDED from [com.onesignal:OneSignal:3.4.2] AndroidManifest.xml:49:13-62
intent-filter#${applicationId}+com.google.android.c2dm.intent.RECEIVE
ADDED from [com.onesignal:OneSignal:3.4.2] AndroidManifest.xml:51:13-55:29
action#com.google.android.c2dm.intent.RECEIVE
ADDED from [com.onesignal:OneSignal:3.4.2] AndroidManifest.xml:52:17-81
	android:name
		ADDED from [com.onesignal:OneSignal:3.4.2] AndroidManifest.xml:52:25-78
category#${applicationId}
ADDED from [com.onesignal:OneSignal:3.4.2] AndroidManifest.xml:54:17-61
	android:name
		ADDED from [com.onesignal:OneSignal:3.4.2] AndroidManifest.xml:54:27-58
receiver#com.onesignal.NotificationOpenedReceiver
ADDED from [com.onesignal:OneSignal:3.4.2] AndroidManifest.xml:57:9-77
	android:name
		ADDED from [com.onesignal:OneSignal:3.4.2] AndroidManifest.xml:57:19-74
service#com.onesignal.GcmIntentService
ADDED from [com.onesignal:OneSignal:3.4.2] AndroidManifest.xml:59:9-66
	android:name
		ADDED from [com.onesignal:OneSignal:3.4.2] AndroidManifest.xml:59:18-63
service#com.onesignal.SyncService
ADDED from [com.onesignal:OneSignal:3.4.2] AndroidManifest.xml:60:9-61
	android:name
		ADDED from [com.onesignal:OneSignal:3.4.2] AndroidManifest.xml:60:18-58
activity#com.onesignal.PermissionsActivity
ADDED from [com.onesignal:OneSignal:3.4.2] AndroidManifest.xml:62:9-64:75
	android:theme
		ADDED from [com.onesignal:OneSignal:3.4.2] AndroidManifest.xml:64:13-72
	android:name
		ADDED from [com.onesignal:OneSignal:3.4.2] AndroidManifest.xml:63:13-61
service#com.onesignal.NotificationRestoreService
ADDED from [com.onesignal:OneSignal:3.4.2] AndroidManifest.xml:66:9-76
	android:name
		ADDED from [com.onesignal:OneSignal:3.4.2] AndroidManifest.xml:66:18-73
receiver#com.onesignal.BootUpReceiver
ADDED from [com.onesignal:OneSignal:3.4.2] AndroidManifest.xml:68:9-73:20
	android:name
		ADDED from [com.onesignal:OneSignal:3.4.2] AndroidManifest.xml:68:19-62
intent-filter#android.intent.action.BOOT_COMPLETED+android.intent.action.QUICKBOOT_POWERON
ADDED from [com.onesignal:OneSignal:3.4.2] AndroidManifest.xml:69:13-72:29
action#android.intent.action.BOOT_COMPLETED
ADDED from [com.onesignal:OneSignal:3.4.2] AndroidManifest.xml:70:17-79
	android:name
		ADDED from [com.onesignal:OneSignal:3.4.2] AndroidManifest.xml:70:25-76
action#android.intent.action.QUICKBOOT_POWERON
ADDED from [com.onesignal:OneSignal:3.4.2] AndroidManifest.xml:71:17-82
	android:name
		ADDED from [com.onesignal:OneSignal:3.4.2] AndroidManifest.xml:71:25-79
receiver#com.onesignal.UpgradeReceiver
ADDED from [com.onesignal:OneSignal:3.4.2] AndroidManifest.xml:74:9-78:20
	android:name
		ADDED from [com.onesignal:OneSignal:3.4.2] AndroidManifest.xml:74:19-63
intent-filter#android.intent.action.MY_PACKAGE_REPLACED
ADDED from [com.onesignal:OneSignal:3.4.2] AndroidManifest.xml:75:13-77:29
action#android.intent.action.MY_PACKAGE_REPLACED
ADDED from [com.onesignal:OneSignal:3.4.2] AndroidManifest.xml:76:17-84
	android:name
		ADDED from [com.onesignal:OneSignal:3.4.2] AndroidManifest.xml:76:25-81
activity#com.google.android.gms.ads.purchase.InAppPurchaseActivity
ADDED from [com.google.android.gms:play-services-ads-lite:10.2.0] AndroidManifest.xml:26:9-131
	android:theme
		ADDED from [com.google.android.gms:play-services-ads-lite:10.2.0] AndroidManifest.xml:26:92-129
	android:name
		ADDED from [com.google.android.gms:play-services-ads-lite:10.2.0] AndroidManifest.xml:26:19-91
activity#com.google.android.gms.common.api.GoogleApiActivity
ADDED from [com.google.android.gms:play-services-base:10.2.0] AndroidManifest.xml:19:9-172
	android:exported
		ADDED from [com.google.android.gms:play-services-base:10.2.0] AndroidManifest.xml:19:146-170
	android:theme
		ADDED from [com.google.android.gms:play-services-base:10.2.0] AndroidManifest.xml:19:86-145
	android:name
		ADDED from [com.google.android.gms:play-services-base:10.2.0] AndroidManifest.xml:19:19-85